<?xml version="1.0" encoding="UTF-8"?>
<!-- Generated by org.testng.reporters.JUnitXMLReporter -->
<testsuite ignored="1" hostname="DESKTOP-JAQQMSD" failures="0" tests="2" name="Default test" time="33.278" errors="0" timestamp="2024-07-18T14:39:28 EDT">
  <testcase classname="com.tutorialsninja.qa.TestCases.CheckoutTest" name="verifyCheckoutFunctionality" time="9.377"/>
  <testcase classname="com.tutorialsninja.qa.TestCases.CheckoutTest" name="verifyCheckoutFunctionality" time="9.72"/>
  <testcase classname="com.tutorialsninja.qa.TestCases.CheckoutTest" name="verifyCheckoutButtonIsAvailable" time="0.0">
    <ignored/>
  </testcase> <!-- verifyCheckoutButtonIsAvailable -->
</testsuite> <!-- Default test -->
