<?xml version="1.0" encoding="UTF-8"?>
<!-- Generated by org.testng.reporters.JUnitXMLReporter -->
<testsuite ignored="0" hostname="DESKTOP-JAQQMSD" failures="0" tests="7" name="LoginTest" time="61.513" errors="0" timestamp="2024-07-11T16:07:02 EDT">
  <testcase classname="com.tutorialsninja.qa.TestCases.LoginTest" name="vefiryLoginWithValidCredentials" time="1.712"/>
  <testcase classname="com.tutorialsninja.qa.TestCases.LoginTest" name="verifyLoginWithInvalidCredentials" time="1.101"/>
  <testcase classname="com.tutorialsninja.qa.TestCases.LoginTest" name="verifyLoginWithValidEmailAndInvalidPassword" time="1.75"/>
  <testcase classname="com.tutorialsninja.qa.TestCases.LoginTest" name="verifyLoginWithInvalidEmailAndValidPassword" time="1.294"/>
  <testcase classname="com.tutorialsninja.qa.TestCases.LoginTest" name="verifyLoginWithEmptyPassword" time="0.825"/>
  <testcase classname="com.tutorialsninja.qa.TestCases.LoginTest" name="verifyLoginWithEmptyEmail" time="1.001"/>
  <testcase classname="com.tutorialsninja.qa.TestCases.LoginTest" name="verifyLoginWithNoCredentials" time="0.611"/>
</testsuite> <!-- LoginTest -->
