<?xml version="1.0" encoding="UTF-8"?>
<!-- Generated by org.testng.reporters.JUnitXMLReporter -->
<testsuite ignored="0" hostname="DESKTOP-JAQQMSD" failures="0" tests="5" name="RegisterTest" time="56.529" errors="0" timestamp="2024-07-11T16:06:58 EDT">
  <testcase classname="com.tutorialsninja.qa.TestCases.RegisterTest" name="verifyRegisterWithMandatoryValidDetails" time="2.245"/>
  <testcase classname="com.tutorialsninja.qa.TestCases.RegisterTest" name="verifyRegisterWithNewsLetterSubscription" time="3.566"/>
  <testcase classname="com.tutorialsninja.qa.TestCases.RegisterTest" name="verifyRegisterWithExistingEmail" time="2.359"/>
  <testcase classname="com.tutorialsninja.qa.TestCases.RegisterTest" name="verifyRegisterWithInvalidConfirmPassword" time="2.423"/>
  <testcase classname="com.tutorialsninja.qa.TestCases.RegisterTest" name="verifyRegisterWithNoDetails" time="0.842"/>
</testsuite> <!-- RegisterTest -->
