<?xml version="1.0" encoding="UTF-8"?>
<!-- Generated by org.testng.reporters.JUnitXMLReporter -->
<testsuite ignored="0" hostname="DESKTOP-JAQQMSD" failures="0" tests="4" name="SearchTest" time="38.614" errors="0" timestamp="2024-07-11T16:06:40 EDT">
  <testcase classname="com.tutorialsninja.qa.TestCases.SearchTest" name="verifySearchBarIsAvilable" time="0.134"/>
  <testcase classname="com.tutorialsninja.qa.TestCases.SearchTest" name="verifySearchButtonIsFunctional" time="1.501"/>
  <testcase classname="com.tutorialsninja.qa.TestCases.SearchTest" name="verifySearchWithValidProduct" time="3.959"/>
  <testcase classname="com.tutorialsninja.qa.TestCases.SearchTest" name="verifySearchWithInvalidProduct" time="1.109"/>
</testsuite> <!-- SearchTest -->
