<?xml version="1.0" encoding="UTF-8"?>
<!-- Generated by org.testng.reporters.JUnitXMLReporter -->
<testsuite ignored="0" hostname="DESKTOP-JAQQMSD" failures="0" tests="31" name="Test" time="187.404" errors="0" timestamp="2024-08-01T15:38:21 EDT">
  <testcase classname="com.tutorialsninja.qa.TestCases.SearchTest" name="verifySearchBarIsAvailable" time="0.111"/>
  <testcase classname="com.tutorialsninja.qa.TestCases.SearchTest" name="verifySearchButtonIsFunctional" time="0.668"/>
  <testcase classname="com.tutorialsninja.qa.TestCases.SearchTest" name="verifySearchWithValidProduct" time="0.766"/>
  <testcase classname="com.tutorialsninja.qa.TestCases.SearchTest" name="verifySearchWithInvalidProduct" time="0.684"/>
  <testcase classname="com.tutorialsninja.qa.TestCases.SearchTest" name="enterValidProductDetailsPage" time="1.951"/>
  <testcase classname="com.tutorialsninja.qa.TestCases.HomepageTest" name="verifyTitlePage" time="0.007"/>
  <testcase classname="com.tutorialsninja.qa.TestCases.HomepageTest" name="verifyCurrentURL" time="0.0"/>
  <testcase classname="com.tutorialsninja.qa.TestCases.HomepageTest" name="vefifyLogoLink" time="0.052"/>
  <testcase classname="com.tutorialsninja.qa.TestCases.HomepageTest" name="verifyFeaturedSectionIsAvailable" time="0.048"/>
  <testcase classname="com.tutorialsninja.qa.TestCases.HomepageTest" name="FooterIsAvailable" time="0.047"/>
  <testcase classname="com.tutorialsninja.qa.TestCases.LogoutTest" name="verifyLogoutButtonIsAvailable" time="0.092"/>
  <testcase classname="com.tutorialsninja.qa.TestCases.LogoutTest" name="verifyLogoutFunctionality" time="1.0"/>
  <testcase classname="com.tutorialsninja.qa.TestCases.CheckoutTest" name="verifyCheckoutButtonIsAvailable" time="0.048"/>
  <testcase classname="com.tutorialsninja.qa.TestCases.CheckoutTest" name="verifyCheckoutFunctionality" time="9.003"/>
  <testcase classname="com.tutorialsninja.qa.TestCases.CheckoutTest" name="verifyCheckoutFunctionality" time="8.601"/>
  <testcase classname="com.tutorialsninja.qa.TestCases.LoginTest" name="vefiryLoginWithValidCredentials" time="1.507"/>
  <testcase classname="com.tutorialsninja.qa.TestCases.LoginTest" name="verifyLoginWithInvalidCredentials" time="0.92"/>
  <testcase classname="com.tutorialsninja.qa.TestCases.LoginTest" name="verifyLoginWithValidEmailAndInvalidPassword" time="0.988"/>
  <testcase classname="com.tutorialsninja.qa.TestCases.LoginTest" name="verifyLoginWithInvalidEmailAndValidPassword" time="0.848"/>
  <testcase classname="com.tutorialsninja.qa.TestCases.LoginTest" name="verifyLoginWithEmptyPasswordAndValidEmail" time="0.916"/>
  <testcase classname="com.tutorialsninja.qa.TestCases.LoginTest" name="verifyLoginWithEmptyEmailAndValidPassword" time="0.89"/>
  <testcase classname="com.tutorialsninja.qa.TestCases.LoginTest" name="verifyLoginWithNoCredentials" time="0.631"/>
  <testcase classname="com.tutorialsninja.qa.TestCases.ShoppingCartTest" name="verifyShoppingCartButtonIsAvilable" time="0.048"/>
  <testcase classname="com.tutorialsninja.qa.TestCases.ShoppingCartTest" name="verifyEmptyShoppingCartSearch" time="0.575"/>
  <testcase classname="com.tutorialsninja.qa.TestCases.ShoppingCartTest" name="verifyAddToCartFunctionalityFromItemButton" time="2.463"/>
  <testcase classname="com.tutorialsninja.qa.TestCases.ShoppingCartTest" name="verifyAddToCartFunctionalityFromShoppingCartPage" time="3.064"/>
  <testcase classname="com.tutorialsninja.qa.TestCases.RegisterTest" name="verifyRegisterWithMandatoryValidDetails" time="1.776"/>
  <testcase classname="com.tutorialsninja.qa.TestCases.RegisterTest" name="verifyRegisterWithNewsLetterSubscription" time="1.879"/>
  <testcase classname="com.tutorialsninja.qa.TestCases.RegisterTest" name="verifyRegisterWithExistingEmail" time="1.255"/>
  <testcase classname="com.tutorialsninja.qa.TestCases.RegisterTest" name="verifyRegisterWithInvalidConfirmPassword" time="1.352"/>
  <testcase classname="com.tutorialsninja.qa.TestCases.RegisterTest" name="verifyRegisterWithNoDetails" time="0.718"/>
</testsuite> <!-- Test -->
