<?xml version="1.0" encoding="UTF-8"?>
<testsuite xmlns:xsi="http://www.w3.org/2001/XMLSchema-instance" xsi:noNamespaceSchemaLocation="https://maven.apache.org/surefire/maven-surefire-plugin/xsd/surefire-test-report.xsd" version="3.0.2" name="TestSuite" time="189.557" tests="31" errors="0" skipped="0" failures="0">
  <properties>
[...]
</properties>
  <testcase name="verifySearchBarIsAvailable" classname="com.tutorialsninja.qa.TestCases.SearchTest" time="0.123">
    <system-out><![CDATA[15:35:12.270 [main] DEBUG org.testng.TestNG - suiteXmlPath: "C:\Users\Danilo\eclipse-workspace\Hybrid_Framework\testng.xml"
Project Execution Started
]]></system-out>
    <system-err><![CDATA[Aug 01, 2024 3:35:27 PM org.openqa.selenium.manager.SeleniumManager lambda$runCommand$1
WARNING: Error sending stats to Plausible: error sending request for url (https://plausible.io/api/event)
]]></system-err>
  </testcase>
  <testcase name="verifySearchButtonIsFunctional" classname="com.tutorialsninja.qa.TestCases.SearchTest" time="0.668"/>
  <testcase name="verifySearchWithValidProduct" classname="com.tutorialsninja.qa.TestCases.SearchTest" time="0.766"/>
  <testcase name="verifySearchWithInvalidProduct" classname="com.tutorialsninja.qa.TestCases.SearchTest" time="0.684"/>
  <testcase name="enterValidProductDetailsPage" classname="com.tutorialsninja.qa.TestCases.SearchTest" time="1.951"/>
  <testcase name="verifyTitlePage" classname="com.tutorialsninja.qa.TestCases.HomepageTest" time="0.007"/>
  <testcase name="verifyCurrentURL" classname="com.tutorialsninja.qa.TestCases.HomepageTest" time="0.0"/>
  <testcase name="vefifyLogoLink" classname="com.tutorialsninja.qa.TestCases.HomepageTest" time="0.053"/>
  <testcase name="verifyFeaturedSectionIsAvailable" classname="com.tutorialsninja.qa.TestCases.HomepageTest" time="0.049"/>
  <testcase name="FooterIsAvailable" classname="com.tutorialsninja.qa.TestCases.HomepageTest" time="0.049"/>
  <testcase name="verifyLogoutButtonIsAvailable" classname="com.tutorialsninja.qa.TestCases.LogoutTest" time="0.093"/>
  <testcase name="verifyLogoutFunctionality" classname="com.tutorialsninja.qa.TestCases.LogoutTest" time="1.0"/>
  <testcase name="verifyCheckoutButtonIsAvailable" classname="com.tutorialsninja.qa.TestCases.CheckoutTest" time="0.049"/>
  <testcase name="verifyCheckoutFunctionality[dannnnn@gmail.com, ciao](1)" classname="com.tutorialsninja.qa.TestCases.CheckoutTest" time="8.989"/>
  <testcase name="verifyCheckoutFunctionality[dannnnn@gmail.com, ciao](2)" classname="com.tutorialsninja.qa.TestCases.CheckoutTest" time="8.601"/>
  <testcase name="vefiryLoginWithValidCredentials" classname="com.tutorialsninja.qa.TestCases.LoginTest" time="1.507"/>
  <testcase name="verifyLoginWithInvalidCredentials" classname="com.tutorialsninja.qa.TestCases.LoginTest" time="0.92"/>
  <testcase name="verifyLoginWithValidEmailAndInvalidPassword" classname="com.tutorialsninja.qa.TestCases.LoginTest" time="0.988"/>
  <testcase name="verifyLoginWithInvalidEmailAndValidPassword" classname="com.tutorialsninja.qa.TestCases.LoginTest" time="0.845"/>
  <testcase name="verifyLoginWithEmptyPasswordAndValidEmail" classname="com.tutorialsninja.qa.TestCases.LoginTest" time="0.916"/>
  <testcase name="verifyLoginWithEmptyEmailAndValidPassword" classname="com.tutorialsninja.qa.TestCases.LoginTest" time="0.89"/>
  <testcase name="verifyLoginWithNoCredentials" classname="com.tutorialsninja.qa.TestCases.LoginTest" time="0.631"/>
  <testcase name="verifyShoppingCartButtonIsAvilable" classname="com.tutorialsninja.qa.TestCases.ShoppingCartTest" time="0.049"/>
  <testcase name="verifyEmptyShoppingCartSearch" classname="com.tutorialsninja.qa.TestCases.ShoppingCartTest" time="0.576"/>
  <testcase name="verifyAddToCartFunctionalityFromItemButton" classname="com.tutorialsninja.qa.TestCases.ShoppingCartTest" time="2.463"/>
  <testcase name="verifyAddToCartFunctionalityFromShoppingCartPage" classname="com.tutorialsninja.qa.TestCases.ShoppingCartTest" time="3.064"/>
  <testcase name="verifyRegisterWithMandatoryValidDetails" classname="com.tutorialsninja.qa.TestCases.RegisterTest" time="1.762"/>
  <testcase name="verifyRegisterWithNewsLetterSubscription" classname="com.tutorialsninja.qa.TestCases.RegisterTest" time="1.879"/>
  <testcase name="verifyRegisterWithExistingEmail" classname="com.tutorialsninja.qa.TestCases.RegisterTest" time="1.256"/>
  <testcase name="verifyRegisterWithInvalidConfirmPassword" classname="com.tutorialsninja.qa.TestCases.RegisterTest" time="1.352"/>
  <testcase name="verifyRegisterWithNoDetails" classname="com.tutorialsninja.qa.TestCases.RegisterTest" time="0.718"/>
</testsuite>